0 info it worked if it ends with ok
1 verbose cli [ 'node', '/usr/local/share/npm/bin/npm', 'start' ]
2 info using npm@1.4.4
3 info using node@v0.10.26
4 verbose run-script [ 'prestart', 'start', 'poststart' ]
5 info prestart navi@0.0.1
6 info start navi@0.0.1
7 verbose unsafe-perm in lifecycle true
8 info navi@0.0.1 Failed to exec start script
9 error navi@0.0.1 start: `node index.js`
9 error Exit status 8
10 error Failed at the navi@0.0.1 start script.
10 error This is most likely a problem with the navi package,
10 error not with npm itself.
10 error Tell the author that this fails on your system:
10 error     node index.js
10 error You can get their info via:
10 error     npm owner ls navi
10 error There is likely additional logging output above.
11 error System Darwin 14.0.0
12 error command "node" "/usr/local/share/npm/bin/npm" "start"
13 error cwd /Users/granttimmerman/Documents/Programming/Hackathon/Angelhack 7:19:14/navi
14 error node -v v0.10.26
15 error npm -v 1.4.4
16 error code ELIFECYCLE
17 verbose exit [ 1, true ]
